{"D:\\github.com\\rizki\\assignment-3\\controllers\\photoController.js": {"path":"D:\\github.com\\rizki\\assignment-3\\controllers\\photoController.js","statementMap":{"0":{"start":{"line":1,"column":24},"end":{"line":1,"column":44}},"1":{"start":{"line":5,"column":4},"end":{"line":12,"column":5}},"2":{"start":{"line":6,"column":20},"end":{"line":8,"column":8}},"3":{"start":{"line":9,"column":6},"end":{"line":9,"column":34}},"4":{"start":{"line":11,"column":6},"end":{"line":11,"column":32}},"5":{"start":{"line":16,"column":4},"end":{"line":25,"column":5}},"6":{"start":{"line":17,"column":21},"end":{"line":17,"column":31}},"7":{"start":{"line":18,"column":20},"end":{"line":18,"column":44}},"8":{"start":{"line":19,"column":6},"end":{"line":21,"column":7}},"9":{"start":{"line":20,"column":8},"end":{"line":20,"column":62}},"10":{"start":{"line":22,"column":6},"end":{"line":22,"column":34}},"11":{"start":{"line":24,"column":6},"end":{"line":24,"column":32}},"12":{"start":{"line":29,"column":4},"end":{"line":42,"column":5}},"13":{"start":{"line":30,"column":22},"end":{"line":30,"column":30}},"14":{"start":{"line":31,"column":6},"end":{"line":33,"column":7}},"15":{"start":{"line":32,"column":8},"end":{"line":32,"column":62}},"16":{"start":{"line":35,"column":20},"end":{"line":38,"column":8}},"17":{"start":{"line":39,"column":6},"end":{"line":39,"column":34}},"18":{"start":{"line":41,"column":6},"end":{"line":41,"column":32}},"19":{"start":{"line":46,"column":4},"end":{"line":63,"column":5}},"20":{"start":{"line":47,"column":21},"end":{"line":47,"column":31}},"21":{"start":{"line":48,"column":44},"end":{"line":48,"column":52}},"22":{"start":{"line":49,"column":19},"end":{"line":53,"column":7}},"23":{"start":{"line":54,"column":20},"end":{"line":59,"column":8}},"24":{"start":{"line":60,"column":6},"end":{"line":60,"column":34}},"25":{"start":{"line":62,"column":6},"end":{"line":62,"column":32}},"26":{"start":{"line":67,"column":4},"end":{"line":77,"column":5}},"27":{"start":{"line":68,"column":21},"end":{"line":68,"column":31}},"28":{"start":{"line":69,"column":20},"end":{"line":73,"column":8}},"29":{"start":{"line":74,"column":6},"end":{"line":74,"column":34}},"30":{"start":{"line":76,"column":6},"end":{"line":76,"column":32}},"31":{"start":{"line":81,"column":0},"end":{"line":81,"column":33}}},"fnMap":{"0":{"name":"(anonymous_0)","decl":{"start":{"line":4,"column":2},"end":{"line":4,"column":3}},"loc":{"start":{"line":4,"column":38},"end":{"line":13,"column":3}},"line":4},"1":{"name":"(anonymous_1)","decl":{"start":{"line":15,"column":2},"end":{"line":15,"column":3}},"loc":{"start":{"line":15,"column":41},"end":{"line":26,"column":3}},"line":15},"2":{"name":"(anonymous_2)","decl":{"start":{"line":28,"column":2},"end":{"line":28,"column":3}},"loc":{"start":{"line":28,"column":37},"end":{"line":43,"column":3}},"line":28},"3":{"name":"(anonymous_3)","decl":{"start":{"line":45,"column":2},"end":{"line":45,"column":3}},"loc":{"start":{"line":45,"column":37},"end":{"line":64,"column":3}},"line":45},"4":{"name":"(anonymous_4)","decl":{"start":{"line":66,"column":2},"end":{"line":66,"column":3}},"loc":{"start":{"line":66,"column":37},"end":{"line":78,"column":3}},"line":66}},"branchMap":{"0":{"loc":{"start":{"line":19,"column":6},"end":{"line":21,"column":7}},"type":"if","locations":[{"start":{"line":19,"column":6},"end":{"line":21,"column":7}},{"start":{},"end":{}}],"line":19},"1":{"loc":{"start":{"line":31,"column":6},"end":{"line":33,"column":7}},"type":"if","locations":[{"start":{"line":31,"column":6},"end":{"line":33,"column":7}},{"start":{},"end":{}}],"line":31}},"s":{"0":1,"1":2,"2":2,"3":2,"4":0,"5":2,"6":2,"7":1,"8":1,"9":0,"10":1,"11":1,"12":2,"13":2,"14":2,"15":1,"16":1,"17":1,"18":0,"19":0,"20":0,"21":0,"22":0,"23":0,"24":0,"25":0,"26":0,"27":0,"28":0,"29":0,"30":0,"31":1},"f":{"0":2,"1":2,"2":2,"3":0,"4":0},"b":{"0":[0,1],"1":[1,1]},"_coverageSchema":"1a1c01bbd47fc00a2c39e90264f33305004495a9","hash":"877d9450ba7acb6fa469bc04a4e6061c612cdff6"}
,"D:\\github.com\\rizki\\assignment-3\\controllers\\userController.js": {"path":"D:\\github.com\\rizki\\assignment-3\\controllers\\userController.js","statementMap":{"0":{"start":{"line":2,"column":28},"end":{"line":2,"column":56}},"1":{"start":{"line":3,"column":26},"end":{"line":3,"column":51}},"2":{"start":{"line":4,"column":17},"end":{"line":4,"column":37}},"3":{"start":{"line":8,"column":4},"end":{"line":23,"column":5}},"4":{"start":{"line":9,"column":44},"end":{"line":9,"column":52}},"5":{"start":{"line":10,"column":20},"end":{"line":14,"column":8}},"6":{"start":{"line":15,"column":23},"end":{"line":19,"column":7}},"7":{"start":{"line":20,"column":6},"end":{"line":20,"column":37}},"8":{"start":{"line":22,"column":6},"end":{"line":22,"column":32}},"9":{"start":{"line":27,"column":4},"end":{"line":57,"column":5}},"10":{"start":{"line":28,"column":34},"end":{"line":28,"column":42}},"11":{"start":{"line":29,"column":19},"end":{"line":33,"column":8}},"12":{"start":{"line":34,"column":6},"end":{"line":39,"column":7}},"13":{"start":{"line":35,"column":8},"end":{"line":38,"column":10}},"14":{"start":{"line":40,"column":24},"end":{"line":40,"column":64}},"15":{"start":{"line":41,"column":6},"end":{"line":46,"column":7}},"16":{"start":{"line":42,"column":8},"end":{"line":45,"column":10}},"17":{"start":{"line":47,"column":22},"end":{"line":50,"column":7}},"18":{"start":{"line":51,"column":20},"end":{"line":51,"column":42}},"19":{"start":{"line":52,"column":6},"end":{"line":54,"column":9}},"20":{"start":{"line":56,"column":6},"end":{"line":56,"column":39}},"21":{"start":{"line":61,"column":0},"end":{"line":61,"column":32}}},"fnMap":{"0":{"name":"(anonymous_0)","decl":{"start":{"line":7,"column":2},"end":{"line":7,"column":3}},"loc":{"start":{"line":7,"column":34},"end":{"line":24,"column":3}},"line":7},"1":{"name":"(anonymous_1)","decl":{"start":{"line":26,"column":2},"end":{"line":26,"column":3}},"loc":{"start":{"line":26,"column":31},"end":{"line":58,"column":3}},"line":26}},"branchMap":{"0":{"loc":{"start":{"line":34,"column":6},"end":{"line":39,"column":7}},"type":"if","locations":[{"start":{"line":34,"column":6},"end":{"line":39,"column":7}},{"start":{},"end":{}}],"line":34},"1":{"loc":{"start":{"line":41,"column":6},"end":{"line":46,"column":7}},"type":"if","locations":[{"start":{"line":41,"column":6},"end":{"line":46,"column":7}},{"start":{},"end":{}}],"line":41}},"s":{"0":1,"1":1,"2":1,"3":0,"4":0,"5":0,"6":0,"7":0,"8":0,"9":1,"10":1,"11":1,"12":1,"13":0,"14":1,"15":1,"16":0,"17":1,"18":1,"19":1,"20":0,"21":1},"f":{"0":0,"1":1},"b":{"0":[0,1],"1":[0,1]},"_coverageSchema":"1a1c01bbd47fc00a2c39e90264f33305004495a9","hash":"dbf430a3536ab9b31369bf08cfce8aeda47d680e"}
,"D:\\github.com\\rizki\\assignment-3\\helpers\\bcrypt.js": {"path":"D:\\github.com\\rizki\\assignment-3\\helpers\\bcrypt.js","statementMap":{"0":{"start":{"line":1,"column":15},"end":{"line":1,"column":32}},"1":{"start":{"line":3,"column":21},"end":{"line":8,"column":1}},"2":{"start":{"line":4,"column":21},"end":{"line":4,"column":23}},"3":{"start":{"line":5,"column":15},"end":{"line":5,"column":45}},"4":{"start":{"line":6,"column":15},"end":{"line":6,"column":50}},"5":{"start":{"line":7,"column":2},"end":{"line":7,"column":14}},"6":{"start":{"line":10,"column":24},"end":{"line":10,"column":106}},"7":{"start":{"line":10,"column":58},"end":{"line":10,"column":106}},"8":{"start":{"line":12,"column":0},"end":{"line":15,"column":2}}},"fnMap":{"0":{"name":"(anonymous_0)","decl":{"start":{"line":3,"column":21},"end":{"line":3,"column":22}},"loc":{"start":{"line":3,"column":39},"end":{"line":8,"column":1}},"line":3},"1":{"name":"(anonymous_1)","decl":{"start":{"line":10,"column":24},"end":{"line":10,"column":25}},"loc":{"start":{"line":10,"column":58},"end":{"line":10,"column":106}},"line":10}},"branchMap":{},"s":{"0":1,"1":1,"2":0,"3":0,"4":0,"5":0,"6":1,"7":1,"8":1},"f":{"0":0,"1":1},"b":{},"_coverageSchema":"1a1c01bbd47fc00a2c39e90264f33305004495a9","hash":"ce9f9e1507a4ffc0495437775ed8d916adc29565"}
,"D:\\github.com\\rizki\\assignment-3\\helpers\\jwt.js": {"path":"D:\\github.com\\rizki\\assignment-3\\helpers\\jwt.js","statementMap":{"0":{"start":{"line":1,"column":12},"end":{"line":1,"column":35}},"1":{"start":{"line":3,"column":19},"end":{"line":3,"column":30}},"2":{"start":{"line":5,"column":22},"end":{"line":8,"column":1}},"3":{"start":{"line":6,"column":16},"end":{"line":6,"column":45}},"4":{"start":{"line":7,"column":2},"end":{"line":7,"column":15}},"5":{"start":{"line":10,"column":20},"end":{"line":13,"column":1}},"6":{"start":{"line":11,"column":18},"end":{"line":11,"column":47}},"7":{"start":{"line":12,"column":2},"end":{"line":12,"column":17}},"8":{"start":{"line":15,"column":0},"end":{"line":18,"column":2}}},"fnMap":{"0":{"name":"(anonymous_0)","decl":{"start":{"line":5,"column":22},"end":{"line":5,"column":23}},"loc":{"start":{"line":5,"column":35},"end":{"line":8,"column":1}},"line":5},"1":{"name":"(anonymous_1)","decl":{"start":{"line":10,"column":20},"end":{"line":10,"column":21}},"loc":{"start":{"line":10,"column":31},"end":{"line":13,"column":1}},"line":10}},"branchMap":{},"s":{"0":1,"1":1,"2":1,"3":1,"4":1,"5":1,"6":0,"7":0,"8":1},"f":{"0":1,"1":0},"b":{},"_coverageSchema":"1a1c01bbd47fc00a2c39e90264f33305004495a9","hash":"ccc73cf053a7a841e98950bed79f8a4d01e65d16"}
,"D:\\github.com\\rizki\\assignment-3\\models\\index.js": {"path":"D:\\github.com\\rizki\\assignment-3\\models\\index.js","statementMap":{"0":{"start":{"line":12,"column":11},"end":{"line":12,"column":24}},"1":{"start":{"line":13,"column":13},"end":{"line":13,"column":28}},"2":{"start":{"line":14,"column":18},"end":{"line":14,"column":38}},"3":{"start":{"line":15,"column":16},"end":{"line":15,"column":34}},"4":{"start":{"line":16,"column":17},"end":{"line":16,"column":42}},"5":{"start":{"line":17,"column":12},"end":{"line":17,"column":49}},"6":{"start":{"line":18,"column":15},"end":{"line":18,"column":65}},"7":{"start":{"line":19,"column":11},"end":{"line":19,"column":13}},"8":{"start":{"line":22,"column":0},"end":{"line":31,"column":1}},"9":{"start":{"line":23,"column":2},"end":{"line":23,"column":74}},"10":{"start":{"line":25,"column":2},"end":{"line":30,"column":4}},"11":{"start":{"line":33,"column":0},"end":{"line":45,"column":5}},"12":{"start":{"line":35,"column":4},"end":{"line":37,"column":6}},"13":{"start":{"line":40,"column":18},"end":{"line":43,"column":5}},"14":{"start":{"line":44,"column":4},"end":{"line":44,"column":27}},"15":{"start":{"line":47,"column":0},"end":{"line":51,"column":3}},"16":{"start":{"line":48,"column":2},"end":{"line":50,"column":3}},"17":{"start":{"line":49,"column":4},"end":{"line":49,"column":32}},"18":{"start":{"line":53,"column":0},"end":{"line":53,"column":25}},"19":{"start":{"line":54,"column":0},"end":{"line":54,"column":25}},"20":{"start":{"line":56,"column":0},"end":{"line":56,"column":20}}},"fnMap":{"0":{"name":"(anonymous_0)","decl":{"start":{"line":34,"column":10},"end":{"line":34,"column":11}},"loc":{"start":{"line":34,"column":20},"end":{"line":38,"column":3}},"line":34},"1":{"name":"(anonymous_1)","decl":{"start":{"line":39,"column":11},"end":{"line":39,"column":12}},"loc":{"start":{"line":39,"column":21},"end":{"line":45,"column":3}},"line":39},"2":{"name":"(anonymous_2)","decl":{"start":{"line":47,"column":24},"end":{"line":47,"column":25}},"loc":{"start":{"line":47,"column":39},"end":{"line":51,"column":1}},"line":47}},"branchMap":{"0":{"loc":{"start":{"line":17,"column":12},"end":{"line":17,"column":49}},"type":"binary-expr","locations":[{"start":{"line":17,"column":12},"end":{"line":17,"column":32}},{"start":{"line":17,"column":36},"end":{"line":17,"column":49}}],"line":17},"1":{"loc":{"start":{"line":22,"column":0},"end":{"line":31,"column":1}},"type":"if","locations":[{"start":{"line":22,"column":0},"end":{"line":31,"column":1}},{"start":{"line":24,"column":7},"end":{"line":31,"column":1}}],"line":22},"2":{"loc":{"start":{"line":36,"column":6},"end":{"line":36,"column":78}},"type":"binary-expr","locations":[{"start":{"line":36,"column":6},"end":{"line":36,"column":29}},{"start":{"line":36,"column":33},"end":{"line":36,"column":50}},{"start":{"line":36,"column":54},"end":{"line":36,"column":78}}],"line":36},"3":{"loc":{"start":{"line":48,"column":2},"end":{"line":50,"column":3}},"type":"if","locations":[{"start":{"line":48,"column":2},"end":{"line":50,"column":3}},{"start":{},"end":{}}],"line":48}},"s":{"0":1,"1":1,"2":1,"3":1,"4":1,"5":1,"6":1,"7":1,"8":1,"9":0,"10":1,"11":1,"12":3,"13":2,"14":2,"15":1,"16":2,"17":2,"18":1,"19":1,"20":1},"f":{"0":3,"1":2,"2":2},"b":{"0":[1,0],"1":[0,1],"2":[3,3,2],"3":[2,0]},"_coverageSchema":"1a1c01bbd47fc00a2c39e90264f33305004495a9","hash":"88d503c9d96f41d9647e423c11a96ced83df5c96"}
,"D:\\github.com\\rizki\\assignment-3\\models\\photo.js": {"path":"D:\\github.com\\rizki\\assignment-3\\models\\photo.js","statementMap":{"0":{"start":{"line":4,"column":4},"end":{"line":4,"column":24}},"1":{"start":{"line":5,"column":0},"end":{"line":27,"column":2}},"2":{"start":{"line":13,"column":6},"end":{"line":13,"column":33}},"3":{"start":{"line":17,"column":2},"end":{"line":25,"column":5}},"4":{"start":{"line":26,"column":2},"end":{"line":26,"column":15}}},"fnMap":{"0":{"name":"(anonymous_0)","decl":{"start":{"line":5,"column":17},"end":{"line":5,"column":18}},"loc":{"start":{"line":5,"column":43},"end":{"line":27,"column":1}},"line":5},"1":{"name":"(anonymous_1)","decl":{"start":{"line":12,"column":4},"end":{"line":12,"column":5}},"loc":{"start":{"line":12,"column":29},"end":{"line":15,"column":5}},"line":12}},"branchMap":{},"s":{"0":1,"1":1,"2":1,"3":1,"4":1},"f":{"0":1,"1":1},"b":{},"_coverageSchema":"1a1c01bbd47fc00a2c39e90264f33305004495a9","hash":"605d9ea4c452596222aa5b9e26bafa2930eb7d6e"}
,"D:\\github.com\\rizki\\assignment-3\\models\\user.js": {"path":"D:\\github.com\\rizki\\assignment-3\\models\\user.js","statementMap":{"0":{"start":{"line":4,"column":4},"end":{"line":4,"column":24}},"1":{"start":{"line":5,"column":25},"end":{"line":5,"column":53}},"2":{"start":{"line":6,"column":0},"end":{"line":34,"column":2}},"3":{"start":{"line":14,"column":6},"end":{"line":14,"column":32}},"4":{"start":{"line":18,"column":2},"end":{"line":32,"column":5}},"5":{"start":{"line":28,"column":31},"end":{"line":28,"column":58}},"6":{"start":{"line":29,"column":8},"end":{"line":29,"column":38}},"7":{"start":{"line":33,"column":2},"end":{"line":33,"column":14}}},"fnMap":{"0":{"name":"(anonymous_0)","decl":{"start":{"line":6,"column":17},"end":{"line":6,"column":18}},"loc":{"start":{"line":6,"column":43},"end":{"line":34,"column":1}},"line":6},"1":{"name":"(anonymous_1)","decl":{"start":{"line":13,"column":4},"end":{"line":13,"column":5}},"loc":{"start":{"line":13,"column":29},"end":{"line":16,"column":5}},"line":13},"2":{"name":"(anonymous_2)","decl":{"start":{"line":26,"column":20},"end":{"line":26,"column":21}},"loc":{"start":{"line":26,"column":35},"end":{"line":30,"column":7}},"line":26}},"branchMap":{},"s":{"0":1,"1":1,"2":1,"3":1,"4":1,"5":0,"6":0,"7":1},"f":{"0":1,"1":1,"2":0},"b":{},"_coverageSchema":"1a1c01bbd47fc00a2c39e90264f33305004495a9","hash":"bee353f1322900d19140a4eeef707a2dd048dcbf"}
}
