TN:
SF:controllers\photoController.js
FN:4,(anonymous_0)
FN:15,(anonymous_1)
FN:28,(anonymous_2)
FN:45,(anonymous_3)
FN:66,(anonymous_4)
FNF:5
FNH:3
FNDA:2,(anonymous_0)
FNDA:2,(anonymous_1)
FNDA:2,(anonymous_2)
FNDA:0,(anonymous_3)
FNDA:0,(anonymous_4)
DA:1,1
DA:5,2
DA:6,2
DA:9,2
DA:11,0
DA:16,2
DA:17,2
DA:18,1
DA:19,1
DA:20,0
DA:22,1
DA:24,1
DA:29,2
DA:30,2
DA:31,2
DA:32,1
DA:35,1
DA:39,1
DA:41,0
DA:46,0
DA:47,0
DA:48,0
DA:49,0
DA:54,0
DA:60,0
DA:62,0
DA:67,0
DA:68,0
DA:69,0
DA:74,0
DA:76,0
DA:81,1
LF:32
LH:17
BRDA:19,0,0,0
BRDA:19,0,1,1
BRDA:31,1,0,1
BRDA:31,1,1,1
BRF:4
BRH:3
end_of_record
TN:
SF:controllers\userController.js
FN:7,(anonymous_0)
FN:26,(anonymous_1)
FNF:2
FNH:1
FNDA:0,(anonymous_0)
FNDA:1,(anonymous_1)
DA:2,1
DA:3,1
DA:4,1
DA:8,0
DA:9,0
DA:10,0
DA:15,0
DA:20,0
DA:22,0
DA:27,1
DA:28,1
DA:29,1
DA:34,1
DA:35,0
DA:40,1
DA:41,1
DA:42,0
DA:47,1
DA:51,1
DA:52,1
DA:56,0
DA:61,1
LF:22
LH:13
BRDA:34,0,0,0
BRDA:34,0,1,1
BRDA:41,1,0,0
BRDA:41,1,1,1
BRF:4
BRH:2
end_of_record
TN:
SF:helpers\bcrypt.js
FN:3,(anonymous_0)
FN:10,(anonymous_1)
FNF:2
FNH:1
FNDA:0,(anonymous_0)
FNDA:1,(anonymous_1)
DA:1,1
DA:3,1
DA:4,0
DA:5,0
DA:6,0
DA:7,0
DA:10,1
DA:12,1
LF:8
LH:4
BRF:0
BRH:0
end_of_record
TN:
SF:helpers\jwt.js
FN:5,(anonymous_0)
FN:10,(anonymous_1)
FNF:2
FNH:1
FNDA:1,(anonymous_0)
FNDA:0,(anonymous_1)
DA:1,1
DA:3,1
DA:5,1
DA:6,1
DA:7,1
DA:10,1
DA:11,0
DA:12,0
DA:15,1
LF:9
LH:7
BRF:0
BRH:0
end_of_record
TN:
SF:models\index.js
FN:34,(anonymous_0)
FN:39,(anonymous_1)
FN:47,(anonymous_2)
FNF:3
FNH:3
FNDA:3,(anonymous_0)
FNDA:2,(anonymous_1)
FNDA:2,(anonymous_2)
DA:12,1
DA:13,1
DA:14,1
DA:15,1
DA:16,1
DA:17,1
DA:18,1
DA:19,1
DA:22,1
DA:23,0
DA:25,1
DA:33,1
DA:35,3
DA:40,2
DA:44,2
DA:47,1
DA:48,2
DA:49,2
DA:53,1
DA:54,1
DA:56,1
LF:21
LH:20
BRDA:17,0,0,1
BRDA:17,0,1,0
BRDA:22,1,0,0
BRDA:22,1,1,1
BRDA:36,2,0,3
BRDA:36,2,1,3
BRDA:36,2,2,2
BRDA:48,3,0,2
BRDA:48,3,1,0
BRF:9
BRH:6
end_of_record
TN:
SF:models\photo.js
FN:5,(anonymous_0)
FN:12,(anonymous_1)
FNF:2
FNH:2
FNDA:1,(anonymous_0)
FNDA:1,(anonymous_1)
DA:4,1
DA:5,1
DA:13,1
DA:17,1
DA:26,1
LF:5
LH:5
BRF:0
BRH:0
end_of_record
TN:
SF:models\user.js
FN:6,(anonymous_0)
FN:13,(anonymous_1)
FN:26,(anonymous_2)
FNF:3
FNH:2
FNDA:1,(anonymous_0)
FNDA:1,(anonymous_1)
FNDA:0,(anonymous_2)
DA:4,1
DA:5,1
DA:6,1
DA:14,1
DA:18,1
DA:28,0
DA:29,0
DA:33,1
LF:8
LH:6
BRF:0
BRH:0
end_of_record
